<?xml version="1.0" encoding="UTF-8"?>
<!-- Generated by org.testng.reporters.JUnitReportReporter -->
<testsuite hostname="DESKTOP-GTM5910" failures="0" tests="3" name="advance.AddAttachment" time="2.366" errors="0" timestamp="2023-10-08T14:32:48 IST" skipped="0">
  <testcase classname="advance.AddAttachment" name="LogintoJira" time="1.450"/>
  <system-out/>
  <testcase classname="advance.AddAttachment" name="createBug" time="0.090"/>
  <system-out/>
  <testcase classname="advance.AddAttachment" name="addAttachment" time="0.826"/>
  <system-out/>
</testsuite> <!-- advance.AddAttachment -->
