<?xml version="1.0" encoding="UTF-8"?>
<!-- Generated by org.testng.reporters.JUnitReportReporter -->
<testsuite hostname="DESKTOP-GTM5910" failures="0" tests="6" name="advance.E2E_Bug" time="2.066" errors="0" timestamp="2023-10-08T13:50:10 IST" skipped="0">
  <testcase classname="advance.E2E_Bug" name="LogintoJira" time="1.478"/>
  <system-out/>
  <testcase classname="advance.E2E_Bug" name="createBug" time="0.235"/>
  <system-out/>
  <testcase classname="advance.E2E_Bug" name="getBug" time="0.082"/>
  <system-out/>
  <testcase classname="advance.E2E_Bug" name="updateBug" time="0.049"/>
  <system-out/>
  <testcase classname="advance.E2E_Bug" name="getupdatedUserstory" time="0.044"/>
  <system-out/>
  <testcase classname="advance.E2E_Bug" name="deleteUserstory" time="0.178"/>
  <system-out/>
</testsuite> <!-- advance.E2E_Bug -->
