<?xml version="1.0" encoding="UTF-8"?>
<!-- Generated by org.testng.reporters.JUnitReportReporter -->
<testsuite hostname="DESKTOP-GTM5910" failures="0" tests="7" name="standard.E2E_Userstory" time="1.898" errors="0" timestamp="2023-10-07T10:55:28 IST" skipped="0">
  <testcase classname="standard.E2E_Userstory" name="logintojira" time="1.407"/>
  <system-out/>
  <testcase classname="standard.E2E_Userstory" name="createStory" time="0.099"/>
  <system-out/>
  <testcase classname="standard.E2E_Userstory" name="getUserstory" time="0.082"/>
  <system-out/>
  <testcase classname="standard.E2E_Userstory" name="updateStory" time="0.070"/>
  <system-out/>
  <testcase classname="standard.E2E_Userstory" name="getUpdatedUserstory" time="0.040"/>
  <system-out/>
  <testcase classname="standard.E2E_Userstory" name="deleteUserstory" time="0.173"/>
  <system-out/>
  <testcase classname="standard.E2E_Userstory" name="getdeletedUserstory" time="0.027"/>
  <system-out/>
</testsuite> <!-- standard.E2E_Userstory -->
