<?xml version="1.0" encoding="UTF-8"?>
<!-- Generated by org.testng.reporters.JUnitReportReporter -->
<testsuite hostname="DESKTOP-GTM5910" failures="0" tests="6" name="simple.LogintoJira" time="2.123" errors="0" timestamp="2023-10-06T20:04:37 IST" skipped="0">
  <testcase classname="simple.LogintoJira" name="logintest" time="1.440"/>
  <system-out/>
  <testcase classname="simple.LogintoJira" name="createstory" time="0.090"/>
  <system-out/>
  <testcase classname="simple.LogintoJira" name="getUserstory" time="0.063"/>
  <system-out/>
  <testcase classname="simple.LogintoJira" name="updateUserstory" time="0.063"/>
  <system-out/>
  <testcase classname="simple.LogintoJira" name="getupdatedUserstory" time="0.044"/>
  <system-out/>
  <testcase classname="simple.LogintoJira" name="deleteUserstory" time="0.423"/>
  <system-out/>
</testsuite> <!-- simple.LogintoJira -->
